<?xml version="1.0" encoding="UTF-8"?>
<!-- Generated by org.testng.reporters.JUnitReportReporter -->
<testsuite hostname="SEGOTW10271343" name="demo.SumValidation" tests="1" failures="0" timestamp="19 May 2020 15:46:16 GMT" time="1.464" errors="0">
  <testcase name="sumOfCourses" time="1.464" classname="demo.SumValidation"/>
</testsuite> <!-- demo.SumValidation -->
